2018-04-08 13:54 +08:00: Error: listen EADDRINUSE :::9080
    at Object._errnoException (util.js:1019:11)
    at _exceptionWithHostPort (util.js:1041:20)
    at Server.setupListenHandle [as _listen2] (net.js:1344:14)
    at listenInCluster (net.js:1385:12)
    at Server.listen (net.js:1469:7)
    at Application.listen (/usr/local/midille/node_modules/_koa@2.3.0@koa/lib/application.js:64:19)
    at Object.<anonymous> (/usr/local/midille/server/app.js:62:5)
    at Module._compile (module.js:624:30)
    at Object.Module._extensions..js (module.js:635:10)
    at Module.load (module.js:545:32)
    at tryModuleLoad (module.js:508:12)
    at Function.Module._load (module.js:500:3)
    at Object.<anonymous> (/root/node/lib/node_modules/pm2/lib/ProcessContainerFork.js:70:21)
    at Module._compile (module.js:624:30)
    at Object.Module._extensions..js (module.js:635:10)
    at Module.load (module.js:545:32)
    at tryModuleLoad (module.js:508:12)
    at Function.Module._load (module.js:500:3)
    at Function.Module.runMain (module.js:665:10)
    at startup (bootstrap_node.js:187:16)
    at bootstrap_node.js:607:3
2018-04-08 13:54 +08:00: Error: listen EADDRINUSE :::9080
    at Object._errnoException (util.js:1019:11)
    at _exceptionWithHostPort (util.js:1041:20)
    at Server.setupListenHandle [as _listen2] (net.js:1344:14)
    at listenInCluster (net.js:1385:12)
    at Server.listen (net.js:1469:7)
    at Application.listen (/usr/local/midille/node_modules/_koa@2.3.0@koa/lib/application.js:64:19)
    at Object.<anonymous> (/usr/local/midille/server/app.js:62:5)
    at Module._compile (module.js:624:30)
    at Object.Module._extensions..js (module.js:635:10)
    at Module.load (module.js:545:32)
    at tryModuleLoad (module.js:508:12)
    at Function.Module._load (module.js:500:3)
    at Object.<anonymous> (/root/node/lib/node_modules/pm2/lib/ProcessContainerFork.js:70:21)
    at Module._compile (module.js:624:30)
    at Object.Module._extensions..js (module.js:635:10)
    at Module.load (module.js:545:32)
    at tryModuleLoad (module.js:508:12)
    at Function.Module._load (module.js:500:3)
    at Function.Module.runMain (module.js:665:10)
    at startup (bootstrap_node.js:187:16)
    at bootstrap_node.js:607:3
2018-04-08 13:54 +08:00: Error: listen EADDRINUSE :::9080
    at Object._errnoException (util.js:1019:11)
    at _exceptionWithHostPort (util.js:1041:20)
    at Server.setupListenHandle [as _listen2] (net.js:1344:14)
    at listenInCluster (net.js:1385:12)
    at Server.listen (net.js:1469:7)
    at Application.listen (/usr/local/midille/node_modules/_koa@2.3.0@koa/lib/application.js:64:19)
    at Object.<anonymous> (/usr/local/midille/server/app.js:62:5)
    at Module._compile (module.js:624:30)
    at Object.Module._extensions..js (module.js:635:10)
    at Module.load (module.js:545:32)
    at tryModuleLoad (module.js:508:12)
    at Function.Module._load (module.js:500:3)
    at Object.<anonymous> (/root/node/lib/node_modules/pm2/lib/ProcessContainerFork.js:70:21)
    at Module._compile (module.js:624:30)
    at Object.Module._extensions..js (module.js:635:10)
    at Module.load (module.js:545:32)
    at tryModuleLoad (module.js:508:12)
    at Function.Module._load (module.js:500:3)
    at Function.Module.runMain (module.js:665:10)
    at startup (bootstrap_node.js:187:16)
    at bootstrap_node.js:607:3
2018-04-08 13:54 +08:00: Error: listen EADDRINUSE :::9080
    at Object._errnoException (util.js:1019:11)
    at _exceptionWithHostPort (util.js:1041:20)
    at Server.setupListenHandle [as _listen2] (net.js:1344:14)
    at listenInCluster (net.js:1385:12)
    at Server.listen (net.js:1469:7)
    at Application.listen (/usr/local/midille/node_modules/_koa@2.3.0@koa/lib/application.js:64:19)
    at Object.<anonymous> (/usr/local/midille/server/app.js:62:5)
    at Module._compile (module.js:624:30)
    at Object.Module._extensions..js (module.js:635:10)
    at Module.load (module.js:545:32)
    at tryModuleLoad (module.js:508:12)
    at Function.Module._load (module.js:500:3)
    at Object.<anonymous> (/root/node/lib/node_modules/pm2/lib/ProcessContainerFork.js:70:21)
    at Module._compile (module.js:624:30)
    at Object.Module._extensions..js (module.js:635:10)
    at Module.load (module.js:545:32)
    at tryModuleLoad (module.js:508:12)
    at Function.Module._load (module.js:500:3)
    at Function.Module.runMain (module.js:665:10)
    at startup (bootstrap_node.js:187:16)
    at bootstrap_node.js:607:3
2018-04-08 13:54 +08:00: Error: listen EADDRINUSE :::9080
    at Object._errnoException (util.js:1019:11)
    at _exceptionWithHostPort (util.js:1041:20)
    at Server.setupListenHandle [as _listen2] (net.js:1344:14)
    at listenInCluster (net.js:1385:12)
    at Server.listen (net.js:1469:7)
    at Application.listen (/usr/local/midille/node_modules/_koa@2.3.0@koa/lib/application.js:64:19)
    at Object.<anonymous> (/usr/local/midille/server/app.js:62:5)
    at Module._compile (module.js:624:30)
    at Object.Module._extensions..js (module.js:635:10)
    at Module.load (module.js:545:32)
    at tryModuleLoad (module.js:508:12)
    at Function.Module._load (module.js:500:3)
    at Object.<anonymous> (/root/node/lib/node_modules/pm2/lib/ProcessContainerFork.js:70:21)
    at Module._compile (module.js:624:30)
    at Object.Module._extensions..js (module.js:635:10)
    at Module.load (module.js:545:32)
    at tryModuleLoad (module.js:508:12)
    at Function.Module._load (module.js:500:3)
    at Function.Module.runMain (module.js:665:10)
    at startup (bootstrap_node.js:187:16)
    at bootstrap_node.js:607:3
2018-04-08 13:54 +08:00: Error: listen EADDRINUSE :::9080
    at Object._errnoException (util.js:1019:11)
    at _exceptionWithHostPort (util.js:1041:20)
    at Server.setupListenHandle [as _listen2] (net.js:1344:14)
    at listenInCluster (net.js:1385:12)
    at Server.listen (net.js:1469:7)
    at Application.listen (/usr/local/midille/node_modules/_koa@2.3.0@koa/lib/application.js:64:19)
    at Object.<anonymous> (/usr/local/midille/server/app.js:62:5)
    at Module._compile (module.js:624:30)
    at Object.Module._extensions..js (module.js:635:10)
    at Module.load (module.js:545:32)
    at tryModuleLoad (module.js:508:12)
    at Function.Module._load (module.js:500:3)
    at Object.<anonymous> (/root/node/lib/node_modules/pm2/lib/ProcessContainerFork.js:70:21)
    at Module._compile (module.js:624:30)
    at Object.Module._extensions..js (module.js:635:10)
    at Module.load (module.js:545:32)
    at tryModuleLoad (module.js:508:12)
    at Function.Module._load (module.js:500:3)
    at Function.Module.runMain (module.js:665:10)
    at startup (bootstrap_node.js:187:16)
    at bootstrap_node.js:607:3
2018-04-08 13:54 +08:00: Error: listen EADDRINUSE :::9080
    at Object._errnoException (util.js:1019:11)
    at _exceptionWithHostPort (util.js:1041:20)
    at Server.setupListenHandle [as _listen2] (net.js:1344:14)
    at listenInCluster (net.js:1385:12)
    at Server.listen (net.js:1469:7)
    at Application.listen (/usr/local/midille/node_modules/_koa@2.3.0@koa/lib/application.js:64:19)
    at Object.<anonymous> (/usr/local/midille/server/app.js:62:5)
    at Module._compile (module.js:624:30)
    at Object.Module._extensions..js (module.js:635:10)
    at Module.load (module.js:545:32)
    at tryModuleLoad (module.js:508:12)
    at Function.Module._load (module.js:500:3)
    at Object.<anonymous> (/root/node/lib/node_modules/pm2/lib/ProcessContainerFork.js:70:21)
    at Module._compile (module.js:624:30)
    at Object.Module._extensions..js (module.js:635:10)
    at Module.load (module.js:545:32)
    at tryModuleLoad (module.js:508:12)
    at Function.Module._load (module.js:500:3)
    at Function.Module.runMain (module.js:665:10)
    at startup (bootstrap_node.js:187:16)
    at bootstrap_node.js:607:3
2018-04-08 13:54 +08:00: Error: listen EADDRINUSE :::9080
    at Object._errnoException (util.js:1019:11)
    at _exceptionWithHostPort (util.js:1041:20)
    at Server.setupListenHandle [as _listen2] (net.js:1344:14)
    at listenInCluster (net.js:1385:12)
    at Server.listen (net.js:1469:7)
    at Application.listen (/usr/local/midille/node_modules/_koa@2.3.0@koa/lib/application.js:64:19)
    at Object.<anonymous> (/usr/local/midille/server/app.js:62:5)
    at Module._compile (module.js:624:30)
    at Object.Module._extensions..js (module.js:635:10)
    at Module.load (module.js:545:32)
    at tryModuleLoad (module.js:508:12)
    at Function.Module._load (module.js:500:3)
    at Object.<anonymous> (/root/node/lib/node_modules/pm2/lib/ProcessContainerFork.js:70:21)
    at Module._compile (module.js:624:30)
    at Object.Module._extensions..js (module.js:635:10)
    at Module.load (module.js:545:32)
    at tryModuleLoad (module.js:508:12)
    at Function.Module._load (module.js:500:3)
    at Function.Module.runMain (module.js:665:10)
    at startup (bootstrap_node.js:187:16)
    at bootstrap_node.js:607:3
2018-04-08 13:54 +08:00: Error: listen EADDRINUSE :::9080
    at Object._errnoException (util.js:1019:11)
    at _exceptionWithHostPort (util.js:1041:20)
    at Server.setupListenHandle [as _listen2] (net.js:1344:14)
    at listenInCluster (net.js:1385:12)
    at Server.listen (net.js:1469:7)
    at Application.listen (/usr/local/midille/node_modules/_koa@2.3.0@koa/lib/application.js:64:19)
    at Object.<anonymous> (/usr/local/midille/server/app.js:62:5)
    at Module._compile (module.js:624:30)
    at Object.Module._extensions..js (module.js:635:10)
    at Module.load (module.js:545:32)
    at tryModuleLoad (module.js:508:12)
    at Function.Module._load (module.js:500:3)
    at Object.<anonymous> (/root/node/lib/node_modules/pm2/lib/ProcessContainerFork.js:70:21)
    at Module._compile (module.js:624:30)
    at Object.Module._extensions..js (module.js:635:10)
    at Module.load (module.js:545:32)
    at tryModuleLoad (module.js:508:12)
    at Function.Module._load (module.js:500:3)
    at Function.Module.runMain (module.js:665:10)
    at startup (bootstrap_node.js:187:16)
    at bootstrap_node.js:607:3
2018-04-08 13:54 +08:00: Error: listen EADDRINUSE :::9080
    at Object._errnoException (util.js:1019:11)
    at _exceptionWithHostPort (util.js:1041:20)
    at Server.setupListenHandle [as _listen2] (net.js:1344:14)
    at listenInCluster (net.js:1385:12)
    at Server.listen (net.js:1469:7)
    at Application.listen (/usr/local/midille/node_modules/_koa@2.3.0@koa/lib/application.js:64:19)
    at Object.<anonymous> (/usr/local/midille/server/app.js:62:5)
    at Module._compile (module.js:624:30)
    at Object.Module._extensions..js (module.js:635:10)
    at Module.load (module.js:545:32)
    at tryModuleLoad (module.js:508:12)
    at Function.Module._load (module.js:500:3)
    at Object.<anonymous> (/root/node/lib/node_modules/pm2/lib/ProcessContainerFork.js:70:21)
    at Module._compile (module.js:624:30)
    at Object.Module._extensions..js (module.js:635:10)
    at Module.load (module.js:545:32)
    at tryModuleLoad (module.js:508:12)
    at Function.Module._load (module.js:500:3)
    at Function.Module.runMain (module.js:665:10)
    at startup (bootstrap_node.js:187:16)
    at bootstrap_node.js:607:3
2018-04-08 13:54 +08:00: Error: listen EADDRINUSE :::9080
    at Object._errnoException (util.js:1019:11)
    at _exceptionWithHostPort (util.js:1041:20)
    at Server.setupListenHandle [as _listen2] (net.js:1344:14)
    at listenInCluster (net.js:1385:12)
    at Server.listen (net.js:1469:7)
    at Application.listen (/usr/local/midille/node_modules/_koa@2.3.0@koa/lib/application.js:64:19)
    at Object.<anonymous> (/usr/local/midille/server/app.js:62:5)
    at Module._compile (module.js:624:30)
    at Object.Module._extensions..js (module.js:635:10)
    at Module.load (module.js:545:32)
    at tryModuleLoad (module.js:508:12)
    at Function.Module._load (module.js:500:3)
    at Object.<anonymous> (/root/node/lib/node_modules/pm2/lib/ProcessContainerFork.js:70:21)
    at Module._compile (module.js:624:30)
    at Object.Module._extensions..js (module.js:635:10)
    at Module.load (module.js:545:32)
    at tryModuleLoad (module.js:508:12)
    at Function.Module._load (module.js:500:3)
    at Function.Module.runMain (module.js:665:10)
    at startup (bootstrap_node.js:187:16)
    at bootstrap_node.js:607:3
2018-04-08 13:54 +08:00: Error: listen EADDRINUSE :::9080
    at Object._errnoException (util.js:1019:11)
    at _exceptionWithHostPort (util.js:1041:20)
    at Server.setupListenHandle [as _listen2] (net.js:1344:14)
    at listenInCluster (net.js:1385:12)
    at Server.listen (net.js:1469:7)
    at Application.listen (/usr/local/midille/node_modules/_koa@2.3.0@koa/lib/application.js:64:19)
    at Object.<anonymous> (/usr/local/midille/server/app.js:62:5)
    at Module._compile (module.js:624:30)
    at Object.Module._extensions..js (module.js:635:10)
    at Module.load (module.js:545:32)
    at tryModuleLoad (module.js:508:12)
    at Function.Module._load (module.js:500:3)
    at Object.<anonymous> (/root/node/lib/node_modules/pm2/lib/ProcessContainerFork.js:70:21)
    at Module._compile (module.js:624:30)
    at Object.Module._extensions..js (module.js:635:10)
    at Module.load (module.js:545:32)
    at tryModuleLoad (module.js:508:12)
    at Function.Module._load (module.js:500:3)
    at Function.Module.runMain (module.js:665:10)
    at startup (bootstrap_node.js:187:16)
    at bootstrap_node.js:607:3
2018-04-08 13:54 +08:00: Error: listen EADDRINUSE :::9080
    at Object._errnoException (util.js:1019:11)
    at _exceptionWithHostPort (util.js:1041:20)
    at Server.setupListenHandle [as _listen2] (net.js:1344:14)
    at listenInCluster (net.js:1385:12)
    at Server.listen (net.js:1469:7)
    at Application.listen (/usr/local/midille/node_modules/_koa@2.3.0@koa/lib/application.js:64:19)
    at Object.<anonymous> (/usr/local/midille/server/app.js:62:5)
    at Module._compile (module.js:624:30)
    at Object.Module._extensions..js (module.js:635:10)
    at Module.load (module.js:545:32)
    at tryModuleLoad (module.js:508:12)
    at Function.Module._load (module.js:500:3)
    at Object.<anonymous> (/root/node/lib/node_modules/pm2/lib/ProcessContainerFork.js:70:21)
    at Module._compile (module.js:624:30)
    at Object.Module._extensions..js (module.js:635:10)
    at Module.load (module.js:545:32)
    at tryModuleLoad (module.js:508:12)
    at Function.Module._load (module.js:500:3)
    at Function.Module.runMain (module.js:665:10)
    at startup (bootstrap_node.js:187:16)
    at bootstrap_node.js:607:3
2018-04-08 13:54 +08:00: Error: listen EADDRINUSE :::9080
    at Object._errnoException (util.js:1019:11)
    at _exceptionWithHostPort (util.js:1041:20)
    at Server.setupListenHandle [as _listen2] (net.js:1344:14)
    at listenInCluster (net.js:1385:12)
    at Server.listen (net.js:1469:7)
    at Application.listen (/usr/local/midille/node_modules/_koa@2.3.0@koa/lib/application.js:64:19)
    at Object.<anonymous> (/usr/local/midille/server/app.js:62:5)
    at Module._compile (module.js:624:30)
    at Object.Module._extensions..js (module.js:635:10)
    at Module.load (module.js:545:32)
    at tryModuleLoad (module.js:508:12)
    at Function.Module._load (module.js:500:3)
    at Object.<anonymous> (/root/node/lib/node_modules/pm2/lib/ProcessContainerFork.js:70:21)
    at Module._compile (module.js:624:30)
    at Object.Module._extensions..js (module.js:635:10)
    at Module.load (module.js:545:32)
    at tryModuleLoad (module.js:508:12)
    at Function.Module._load (module.js:500:3)
    at Function.Module.runMain (module.js:665:10)
    at startup (bootstrap_node.js:187:16)
    at bootstrap_node.js:607:3
2018-04-08 13:54 +08:00: Error: listen EADDRINUSE :::9080
    at Object._errnoException (util.js:1019:11)
    at _exceptionWithHostPort (util.js:1041:20)
    at Server.setupListenHandle [as _listen2] (net.js:1344:14)
    at listenInCluster (net.js:1385:12)
    at Server.listen (net.js:1469:7)
    at Application.listen (/usr/local/midille/node_modules/_koa@2.3.0@koa/lib/application.js:64:19)
    at Object.<anonymous> (/usr/local/midille/server/app.js:62:5)
    at Module._compile (module.js:624:30)
    at Object.Module._extensions..js (module.js:635:10)
    at Module.load (module.js:545:32)
    at tryModuleLoad (module.js:508:12)
    at Function.Module._load (module.js:500:3)
    at Object.<anonymous> (/root/node/lib/node_modules/pm2/lib/ProcessContainerFork.js:70:21)
    at Module._compile (module.js:624:30)
    at Object.Module._extensions..js (module.js:635:10)
    at Module.load (module.js:545:32)
    at tryModuleLoad (module.js:508:12)
    at Function.Module._load (module.js:500:3)
    at Function.Module.runMain (module.js:665:10)
    at startup (bootstrap_node.js:187:16)
    at bootstrap_node.js:607:3
2018-04-08 13:54 +08:00: Error: listen EADDRINUSE :::9080
    at Object._errnoException (util.js:1019:11)
    at _exceptionWithHostPort (util.js:1041:20)
    at Server.setupListenHandle [as _listen2] (net.js:1344:14)
    at listenInCluster (net.js:1385:12)
    at Server.listen (net.js:1469:7)
    at Application.listen (/usr/local/midille/node_modules/_koa@2.3.0@koa/lib/application.js:64:19)
    at Object.<anonymous> (/usr/local/midille/server/app.js:62:5)
    at Module._compile (module.js:624:30)
    at Object.Module._extensions..js (module.js:635:10)
    at Module.load (module.js:545:32)
    at tryModuleLoad (module.js:508:12)
    at Function.Module._load (module.js:500:3)
    at Object.<anonymous> (/root/node/lib/node_modules/pm2/lib/ProcessContainerFork.js:70:21)
    at Module._compile (module.js:624:30)
    at Object.Module._extensions..js (module.js:635:10)
    at Module.load (module.js:545:32)
    at tryModuleLoad (module.js:508:12)
    at Function.Module._load (module.js:500:3)
    at Function.Module.runMain (module.js:665:10)
    at startup (bootstrap_node.js:187:16)
    at bootstrap_node.js:607:3
