2018-04-08 13:54 +08:00: [ioredis] Unhandled error event: Error: connect ETIMEDOUT
    at Socket.<anonymous> (/usr/local/midille/node_modules/_ioredis@3.2.2@ioredis/lib/redis.js:289:21)
    at Object.onceWrapper (events.js:314:30)
    at emitNone (events.js:105:13)
    at Socket.emit (events.js:207:7)
    at Socket._onTimeout (net.js:400:8)
    at ontimeout (timers.js:469:11)
    at tryOnTimeout (timers.js:304:5)
    at Timer.listOnTimeout (timers.js:264:5)
2018-04-08 13:54 +08:00: [ioredis] Unhandled error event: Error: connect ETIMEDOUT
    at Socket.<anonymous> (/usr/local/midille/node_modules/_ioredis@3.2.2@ioredis/lib/redis.js:289:21)
    at Object.onceWrapper (events.js:314:30)
    at emitNone (events.js:105:13)
    at Socket.emit (events.js:207:7)
    at Socket._onTimeout (net.js:400:8)
    at ontimeout (timers.js:469:11)
    at tryOnTimeout (timers.js:304:5)
    at Timer.listOnTimeout (timers.js:264:5)
2018-04-08 13:54 +08:00: Error: ENOENT: no such file or directory, open '/usr/local/midille/static/upload/upload_2cf6649801062c1ce877d3f917160b4b.png'
2018-04-08 13:54 +08:00: [ioredis] Unhandled error event: Error: connect ETIMEDOUT
    at Socket.<anonymous> (/usr/local/midille/node_modules/_ioredis@3.2.2@ioredis/lib/redis.js:289:21)
    at Object.onceWrapper (events.js:314:30)
    at emitNone (events.js:105:13)
    at Socket.emit (events.js:207:7)
    at Socket._onTimeout (net.js:400:8)
    at ontimeout (timers.js:469:11)
    at tryOnTimeout (timers.js:304:5)
    at Timer.listOnTimeout (timers.js:264:5)
2018-04-08 13:54 +08:00: [ioredis] Unhandled error event: Error: connect ETIMEDOUT
    at Socket.<anonymous> (/usr/local/midille/node_modules/_ioredis@3.2.2@ioredis/lib/redis.js:289:21)
    at Object.onceWrapper (events.js:314:30)
    at emitNone (events.js:105:13)
    at Socket.emit (events.js:207:7)
    at Socket._onTimeout (net.js:400:8)
    at ontimeout (timers.js:469:11)
    at tryOnTimeout (timers.js:304:5)
    at Timer.listOnTimeout (timers.js:264:5)
2018-04-08 13:55 +08:00: [ioredis] Unhandled error event: Error: connect ETIMEDOUT
    at Socket.<anonymous> (/usr/local/midille/node_modules/_ioredis@3.2.2@ioredis/lib/redis.js:289:21)
    at Object.onceWrapper (events.js:314:30)
    at emitNone (events.js:105:13)
    at Socket.emit (events.js:207:7)
    at Socket._onTimeout (net.js:400:8)
    at ontimeout (timers.js:469:11)
    at tryOnTimeout (timers.js:304:5)
    at Timer.listOnTimeout (timers.js:264:5)
